2024-02-05 09:32:22,606 INFO o.a.j.u.JMeterUtils: Setting Locale to en_EN
2024-02-05 09:32:22,625 INFO o.a.j.JMeter: Loading user properties from: user.properties
2024-02-05 09:32:22,627 INFO o.a.j.JMeter: Loading system properties from: system.properties
2024-02-05 09:32:22,630 INFO o.a.j.JMeter: Copyright (c) 1998-2023 The Apache Software Foundation
2024-02-05 09:32:22,630 INFO o.a.j.JMeter: Version 5.6.2
2024-02-05 09:32:22,630 INFO o.a.j.JMeter: java.version=1.8.0_202
2024-02-05 09:32:22,630 INFO o.a.j.JMeter: java.vm.name=Java HotSpot(TM) 64-Bit Server VM
2024-02-05 09:32:22,630 INFO o.a.j.JMeter: os.name=Windows 10
2024-02-05 09:32:22,630 INFO o.a.j.JMeter: os.arch=amd64
2024-02-05 09:32:22,630 INFO o.a.j.JMeter: os.version=10.0
2024-02-05 09:32:22,630 INFO o.a.j.JMeter: file.encoding=Cp1252
2024-02-05 09:32:22,636 INFO o.a.j.JMeter: java.awt.headless=true
2024-02-05 09:32:22,636 INFO o.a.j.JMeter: Max memory     =1073741824
2024-02-05 09:32:22,636 INFO o.a.j.JMeter: Available Processors =12
2024-02-05 09:32:22,638 INFO o.a.j.JMeter: Default Locale=English (EN)
2024-02-05 09:32:22,638 INFO o.a.j.JMeter: JMeter  Locale=English (EN)
2024-02-05 09:32:22,638 INFO o.a.j.JMeter: JMeterHome=C:\Users\Trang.Thi\Downloads\apache-jmeter-5.6.2\apache-jmeter-5.6.2
2024-02-05 09:32:22,638 INFO o.a.j.JMeter: user.dir  =C:\Users\Trang.Thi\Downloads\apache-jmeter-5.6.2\apache-jmeter-5.6.2\bin
2024-02-05 09:32:22,638 INFO o.a.j.JMeter: PWD       =C:\Users\Trang.Thi\Downloads\apache-jmeter-5.6.2\apache-jmeter-5.6.2\bin
2024-02-05 09:32:27,627 INFO o.a.j.JMeter: IP: 192.168.1.8 Name: Access-7LVKJR3 FullName: Access-7LVKJR3
2024-02-05 09:32:27,687 INFO o.a.j.r.RmiUtils: System property 'java.rmi.server.hostname' is not defined, using localHost address
2024-02-05 09:32:27,687 INFO o.a.j.r.RmiUtils: Local IP address=192.168.1.8
2024-02-05 09:32:28,326 ERROR o.a.j.JMeter: Giving up, as server failed with:
java.rmi.server.ExportException: Listen failed on port: 0; nested exception is: 
	java.io.FileNotFoundException: rmi_keystore.jks (The system cannot find the file specified)
	at sun.rmi.transport.tcp.TCPTransport.listen(Unknown Source) ~[?:1.8.0_202]
	at sun.rmi.transport.tcp.TCPTransport.exportObject(Unknown Source) ~[?:1.8.0_202]
	at sun.rmi.transport.tcp.TCPEndpoint.exportObject(Unknown Source) ~[?:1.8.0_202]
	at sun.rmi.transport.LiveRef.exportObject(Unknown Source) ~[?:1.8.0_202]
	at sun.rmi.server.UnicastServerRef.exportObject(Unknown Source) ~[?:1.8.0_202]
	at java.rmi.server.UnicastRemoteObject.exportObject(Unknown Source) ~[?:1.8.0_202]
	at java.rmi.server.UnicastRemoteObject.exportObject(Unknown Source) ~[?:1.8.0_202]
	at java.rmi.server.UnicastRemoteObject.<init>(Unknown Source) ~[?:1.8.0_202]
	at org.apache.jmeter.engine.RemoteJMeterEngineImpl.<init>(RemoteJMeterEngineImpl.java:68) ~[ApacheJMeter_core.jar:5.6.2]
	at org.apache.jmeter.engine.RemoteJMeterEngineImpl.startServer(RemoteJMeterEngineImpl.java:74) ~[ApacheJMeter_core.jar:5.6.2]
	at org.apache.jmeter.JMeter.start(JMeter.java:464) [ApacheJMeter_core.jar:5.6.2]
	at sun.reflect.NativeMethodAccessorImpl.invoke0(Native Method) ~[?:1.8.0_202]
	at sun.reflect.NativeMethodAccessorImpl.invoke(Unknown Source) ~[?:1.8.0_202]
	at sun.reflect.DelegatingMethodAccessorImpl.invoke(Unknown Source) ~[?:1.8.0_202]
	at java.lang.reflect.Method.invoke(Unknown Source) ~[?:1.8.0_202]
	at org.apache.jmeter.NewDriver.main(NewDriver.java:259) [ApacheJMeter.jar:5.6.2]
Caused by: java.io.FileNotFoundException: rmi_keystore.jks (The system cannot find the file specified)
	at java.io.FileInputStream.open0(Native Method) ~[?:1.8.0_202]
	at java.io.FileInputStream.open(Unknown Source) ~[?:1.8.0_202]
	at java.io.FileInputStream.<init>(Unknown Source) ~[?:1.8.0_202]
	at java.io.FileInputStream.<init>(Unknown Source) ~[?:1.8.0_202]
	at org.apache.jmeter.rmi.SSLRMIServerSocketFactory.loadStore(SSLRMIServerSocketFactory.java:147) ~[ApacheJMeter_core.jar:5.6.2]
	at org.apache.jmeter.rmi.SSLRMIServerSocketFactory.createServerSocket(SSLRMIServerSocketFactory.java:99) ~[ApacheJMeter_core.jar:5.6.2]
	at sun.rmi.transport.tcp.TCPEndpoint.newServerSocket(Unknown Source) ~[?:1.8.0_202]
	... 16 more
2024-02-05 09:32:28,337 ERROR o.a.j.JMeter: An error occurred: 
java.rmi.server.ExportException: Listen failed on port: 0; nested exception is: 
	java.io.FileNotFoundException: rmi_keystore.jks (The system cannot find the file specified)
	at sun.rmi.transport.tcp.TCPTransport.listen(Unknown Source) ~[?:1.8.0_202]
	at sun.rmi.transport.tcp.TCPTransport.exportObject(Unknown Source) ~[?:1.8.0_202]
	at sun.rmi.transport.tcp.TCPEndpoint.exportObject(Unknown Source) ~[?:1.8.0_202]
	at sun.rmi.transport.LiveRef.exportObject(Unknown Source) ~[?:1.8.0_202]
	at sun.rmi.server.UnicastServerRef.exportObject(Unknown Source) ~[?:1.8.0_202]
	at java.rmi.server.UnicastRemoteObject.exportObject(Unknown Source) ~[?:1.8.0_202]
	at java.rmi.server.UnicastRemoteObject.exportObject(Unknown Source) ~[?:1.8.0_202]
	at java.rmi.server.UnicastRemoteObject.<init>(Unknown Source) ~[?:1.8.0_202]
	at org.apache.jmeter.engine.RemoteJMeterEngineImpl.<init>(RemoteJMeterEngineImpl.java:68) ~[ApacheJMeter_core.jar:5.6.2]
	at org.apache.jmeter.engine.RemoteJMeterEngineImpl.startServer(RemoteJMeterEngineImpl.java:74) ~[ApacheJMeter_core.jar:5.6.2]
	at org.apache.jmeter.JMeter.start(JMeter.java:464) [ApacheJMeter_core.jar:5.6.2]
	at sun.reflect.NativeMethodAccessorImpl.invoke0(Native Method) ~[?:1.8.0_202]
	at sun.reflect.NativeMethodAccessorImpl.invoke(Unknown Source) ~[?:1.8.0_202]
	at sun.reflect.DelegatingMethodAccessorImpl.invoke(Unknown Source) ~[?:1.8.0_202]
	at java.lang.reflect.Method.invoke(Unknown Source) ~[?:1.8.0_202]
	at org.apache.jmeter.NewDriver.main(NewDriver.java:259) [ApacheJMeter.jar:5.6.2]
Caused by: java.io.FileNotFoundException: rmi_keystore.jks (The system cannot find the file specified)
	at java.io.FileInputStream.open0(Native Method) ~[?:1.8.0_202]
	at java.io.FileInputStream.open(Unknown Source) ~[?:1.8.0_202]
	at java.io.FileInputStream.<init>(Unknown Source) ~[?:1.8.0_202]
	at java.io.FileInputStream.<init>(Unknown Source) ~[?:1.8.0_202]
	at org.apache.jmeter.rmi.SSLRMIServerSocketFactory.loadStore(SSLRMIServerSocketFactory.java:147) ~[ApacheJMeter_core.jar:5.6.2]
	at org.apache.jmeter.rmi.SSLRMIServerSocketFactory.createServerSocket(SSLRMIServerSocketFactory.java:99) ~[ApacheJMeter_core.jar:5.6.2]
	at sun.rmi.transport.tcp.TCPEndpoint.newServerSocket(Unknown Source) ~[?:1.8.0_202]
	... 16 more
